<?xml version="1.0" encoding="UTF-8"?>
<!-- Generated by org.testng.reporters.JUnitXMLReporter -->
<testsuite ignored="0" hostname="Dan-Joshua-SG" failures="0" tests="9" name="Command line test" time="0.081" errors="0" timestamp="2021-09-15T17:39:08 PET">
  <testcase classname="cs.ing.software.lab1.Labo1Test" name="Test01" time="0.019"/>
  <testcase classname="cs.ing.software.lab1.Labo1Test" name="Test02" time="0.0"/>
  <testcase classname="cs.ing.software.lab1.Labo1Test" name="Test03" time="0.001"/>
  <testcase classname="cs.ing.software.lab1.Labo1Test" name="Test05" time="0.002"/>
  <testcase classname="cs.ing.software.lab1.Labo1Test" name="Test06" time="0.0"/>
  <testcase classname="cs.ing.software.lab1.Labo1Test" name="Test07" time="0.0"/>
  <testcase classname="cs.ing.software.lab1.Labo1Test" name="Test08" time="0.0"/>
  <testcase classname="cs.ing.software.lab1.Labo1Test" name="Test09" time="0.001"/>
  <testcase classname="cs.ing.software.lab1.Labo1Test" name="Test10" time="0.0"/>
</testsuite> <!-- Command line test -->
