<?xml version="1.0" encoding="UTF-8"?>
<testng-results ignored="0" total="4" passed="4" failed="0" skipped="0">
  <reporter-output>
  </reporter-output>
  <suite started-at="2021-09-15T16:18:26 PET" name="cs.ing.software.lab1.Labo1Test" finished-at="2021-09-15T16:18:26 PET" duration-ms="94">
    <groups>
    </groups>
    <test started-at="2021-09-15T16:18:26 PET" name="Command line test" finished-at="2021-09-15T16:18:26 PET" duration-ms="94">
      <class name="cs.ing.software.lab1.Labo1Test">
        <test-method signature="Test01()[pri:0, instance:cs.ing.software.lab1.Labo1Test@264f218]" started-at="2021-09-15T16:18:26 PET" name="Test01" finished-at="2021-09-15T16:18:26 PET" duration-ms="23" status="PASS">
          <reporter-output>
          </reporter-output>
        </test-method> <!-- Test01 -->
        <test-method signature="Test02()[pri:0, instance:cs.ing.software.lab1.Labo1Test@264f218]" started-at="2021-09-15T16:18:26 PET" name="Test02" finished-at="2021-09-15T16:18:26 PET" duration-ms="0" status="PASS">
          <reporter-output>
          </reporter-output>
        </test-method> <!-- Test02 -->
        <test-method signature="Test03()[pri:0, instance:cs.ing.software.lab1.Labo1Test@264f218]" started-at="2021-09-15T16:18:26 PET" name="Test03" finished-at="2021-09-15T16:18:26 PET" duration-ms="0" status="PASS">
          <reporter-output>
          </reporter-output>
        </test-method> <!-- Test03 -->
        <test-method signature="Test04()[pri:0, instance:cs.ing.software.lab1.Labo1Test@264f218]" started-at="2021-09-15T16:18:26 PET" name="Test04" finished-at="2021-09-15T16:18:26 PET" duration-ms="2" status="PASS">
          <reporter-output>
          </reporter-output>
        </test-method> <!-- Test04 -->
      </class> <!-- cs.ing.software.lab1.Labo1Test -->
    </test> <!-- Command line test -->
  </suite> <!-- cs.ing.software.lab1.Labo1Test -->
</testng-results>
